[14639] 04 Nov 13:52:55.289 # Warning: no config file specified, using the default config. In order to specify a config file use redis-server /path/to/redis.conf
[14639] 04 Nov 13:52:55.290 # You requested maxclients of 10000 requiring at least 10032 max file descriptors.
[14639] 04 Nov 13:52:55.290 # Redis can't set maximum open files to 10032 because of OS error: Operation not permitted.
[14639] 04 Nov 13:52:55.290 # Current maximum open files is 1024. maxclients has been reduced to 4064 to compensate for low ulimit. If you need higher maxclients increase 'ulimit -n'.
                _._                                                  
           _.-``__ ''-._                                             
      _.-``    `.  `_.  ''-._           Redis 2.8.13 (00000000/0) 64 bit
  .-`` .-```.  ```\/    _.,_ ''-._                                   
 (    '      ,       .-`  | `,    )     Running in stand alone mode
 |`-._`-...-` __...-.``-._|'` _.-'|     Port: 6379
 |    `-._   `._    /     _.-'    |     PID: 14639
  `-._    `-._  `-./  _.-'    _.-'                                   
 |`-._`-._    `-.__.-'    _.-'_.-'|                                  
 |    `-._`-._        _.-'_.-'    |           http://redis.io        
  `-._    `-._`-.__.-'_.-'    _.-'                                   
 |`-._`-._    `-.__.-'    _.-'_.-'|                                  
 |    `-._`-._        _.-'_.-'    |                                  
  `-._    `-._`-.__.-'_.-'    _.-'                                   
      `-._    `-.__.-'    _.-'                                       
          `-._        _.-'                                           
              `-.__.-'                                               

[14639] 04 Nov 13:52:55.291 # Server started, Redis version 2.8.13
[14639] 04 Nov 13:52:55.291 # WARNING overcommit_memory is set to 0! Background save may fail under low memory condition. To fix this issue add 'vm.overcommit_memory = 1' to /etc/sysctl.conf and then reboot or run the command 'sysctl vm.overcommit_memory=1' for this to take effect.
[14639] 04 Nov 13:52:55.291 * DB loaded from disk: 0.000 seconds
[14639] 04 Nov 13:52:55.291 * The server is now ready to accept connections on port 6379
[14639] 04 Nov 17:58:05.257 * 1 changes in 3600 seconds. Saving...
[14639] 04 Nov 17:58:05.427 * Background saving started by pid 22750
[22750] 04 Nov 17:58:05.541 * DB saved on disk
[22750] 04 Nov 17:58:05.542 * RDB: 6 MB of memory used by copy-on-write
[14639] 04 Nov 17:58:05.629 * Background saving terminated with success
[14639] 04 Nov 18:58:06.064 * 1 changes in 3600 seconds. Saving...
[14639] 04 Nov 18:58:06.165 * Background saving started by pid 26063
[26063] 04 Nov 18:58:06.358 * DB saved on disk
[26063] 04 Nov 18:58:06.359 * RDB: 2 MB of memory used by copy-on-write
[14639] 04 Nov 18:58:06.366 * Background saving terminated with success
[14639] 04 Nov 19:58:07.076 * 1 changes in 3600 seconds. Saving...
[14639] 04 Nov 19:58:07.091 * Background saving started by pid 28947
[28947] 04 Nov 19:58:07.177 * DB saved on disk
[28947] 04 Nov 19:58:07.177 * RDB: 2 MB of memory used by copy-on-write
[14639] 04 Nov 19:58:07.192 * Background saving terminated with success
[14639] 04 Nov 20:58:08.102 * 1 changes in 3600 seconds. Saving...
[14639] 04 Nov 20:58:08.204 * Background saving started by pid 31303
[31303] 04 Nov 20:58:08.349 * DB saved on disk
[31303] 04 Nov 20:58:08.350 * RDB: 2 MB of memory used by copy-on-write
[14639] 04 Nov 20:58:08.405 * Background saving terminated with success
[14639] 04 Nov 22:43:52.086 * 1 changes in 3600 seconds. Saving...
[14639] 04 Nov 22:43:52.135 * Background saving started by pid 1513
[1513] 04 Nov 22:43:52.295 * DB saved on disk
[1513] 04 Nov 22:43:52.296 * RDB: 2 MB of memory used by copy-on-write
[14639] 04 Nov 22:43:52.336 * Background saving terminated with success
[14639] 04 Nov 23:43:53.098 * 1 changes in 3600 seconds. Saving...
[14639] 04 Nov 23:43:53.099 * Background saving started by pid 3690
[3690] 04 Nov 23:43:53.150 * DB saved on disk
[3690] 04 Nov 23:43:53.151 * RDB: 2 MB of memory used by copy-on-write
[14639] 04 Nov 23:43:53.200 * Background saving terminated with success
[14639] 05 Nov 00:43:54.008 * 1 changes in 3600 seconds. Saving...
[14639] 05 Nov 00:43:54.023 * Background saving started by pid 5187
[5187] 05 Nov 00:43:54.162 * DB saved on disk
[5187] 05 Nov 00:43:54.163 * RDB: 0 MB of memory used by copy-on-write
[14639] 05 Nov 00:43:54.223 * Background saving terminated with success
[14639] 05 Nov 01:54:40.761 * 1 changes in 3600 seconds. Saving...
[14639] 05 Nov 01:54:40.785 * Background saving started by pid 8593
[8593] 05 Nov 01:54:40.826 * DB saved on disk
[8593] 05 Nov 01:54:40.827 * RDB: 0 MB of memory used by copy-on-write
[14639] 05 Nov 01:54:40.885 * Background saving terminated with success
[14639] 05 Nov 02:54:41.012 * 1 changes in 3600 seconds. Saving...
[14639] 05 Nov 02:54:41.013 * Background saving started by pid 11064
[11064] 05 Nov 02:54:41.057 * DB saved on disk
[11064] 05 Nov 02:54:41.058 * RDB: 0 MB of memory used by copy-on-write
[14639] 05 Nov 02:54:41.113 * Background saving terminated with success
[14639] 05 Nov 03:54:42.066 * 1 changes in 3600 seconds. Saving...
[14639] 05 Nov 03:54:42.066 * Background saving started by pid 12966
[12966] 05 Nov 03:54:42.143 * DB saved on disk
[12966] 05 Nov 03:54:42.144 * RDB: 0 MB of memory used by copy-on-write
[14639] 05 Nov 03:54:42.167 * Background saving terminated with success
[14639] 05 Nov 04:54:43.029 * 1 changes in 3600 seconds. Saving...
[14639] 05 Nov 04:54:43.050 * Background saving started by pid 14822
[14822] 05 Nov 04:54:43.117 * DB saved on disk
[14822] 05 Nov 04:54:43.118 * RDB: 0 MB of memory used by copy-on-write
[14639] 05 Nov 04:54:43.151 * Background saving terminated with success
[14639] 05 Nov 05:54:44.048 * 1 changes in 3600 seconds. Saving...
[14639] 05 Nov 05:54:44.048 * Background saving started by pid 15443
[15443] 05 Nov 05:54:44.107 * DB saved on disk
[15443] 05 Nov 05:54:44.108 * RDB: 0 MB of memory used by copy-on-write
[14639] 05 Nov 05:54:44.149 * Background saving terminated with success
[14639] 05 Nov 09:26:25.738 * 1 changes in 3600 seconds. Saving...
[14639] 05 Nov 09:26:25.739 * Background saving started by pid 17788
[17788] 05 Nov 09:26:25.895 * DB saved on disk
[17788] 05 Nov 09:26:25.896 * RDB: 0 MB of memory used by copy-on-write
[14639] 05 Nov 09:26:25.940 * Background saving terminated with success
[14639] 05 Nov 10:26:26.059 * 1 changes in 3600 seconds. Saving...
[14639] 05 Nov 10:26:26.059 * Background saving started by pid 19144
[19144] 05 Nov 10:26:26.126 * DB saved on disk
[19144] 05 Nov 10:26:26.127 * RDB: 0 MB of memory used by copy-on-write
[14639] 05 Nov 10:26:26.160 * Background saving terminated with success
[2814] 06 Nov 11:22:34.698 # Warning: no config file specified, using the default config. In order to specify a config file use redis-server /path/to/redis.conf
[2814] 06 Nov 11:22:34.726 # You requested maxclients of 10000 requiring at least 10032 max file descriptors.
[2814] 06 Nov 11:22:34.726 # Redis can't set maximum open files to 10032 because of OS error: Operation not permitted.
[2814] 06 Nov 11:22:34.726 # Current maximum open files is 1024. maxclients has been reduced to 4064 to compensate for low ulimit. If you need higher maxclients increase 'ulimit -n'.
                _._                                                  
           _.-``__ ''-._                                             
      _.-``    `.  `_.  ''-._           Redis 2.8.13 (00000000/0) 64 bit
  .-`` .-```.  ```\/    _.,_ ''-._                                   
 (    '      ,       .-`  | `,    )     Running in stand alone mode
 |`-._`-...-` __...-.``-._|'` _.-'|     Port: 6379
 |    `-._   `._    /     _.-'    |     PID: 2814
  `-._    `-._  `-./  _.-'    _.-'                                   
 |`-._`-._    `-.__.-'    _.-'_.-'|                                  
 |    `-._`-._        _.-'_.-'    |           http://redis.io        
  `-._    `-._`-.__.-'_.-'    _.-'                                   
 |`-._`-._    `-.__.-'    _.-'_.-'|                                  
 |    `-._`-._        _.-'_.-'    |                                  
  `-._    `-._`-.__.-'_.-'    _.-'                                   
      `-._    `-.__.-'    _.-'                                       
          `-._        _.-'                                           
              `-.__.-'                                               

[2814] 06 Nov 11:22:34.727 # Server started, Redis version 2.8.13
[2814] 06 Nov 11:22:34.727 # WARNING overcommit_memory is set to 0! Background save may fail under low memory condition. To fix this issue add 'vm.overcommit_memory = 1' to /etc/sysctl.conf and then reboot or run the command 'sysctl vm.overcommit_memory=1' for this to take effect.
[2814] 06 Nov 11:22:34.727 * DB loaded from disk: 0.000 seconds
[2814] 06 Nov 11:22:34.727 * The server is now ready to accept connections on port 6379
[2814] 06 Nov 14:40:23.693 * 1 changes in 3600 seconds. Saving...
[2814] 06 Nov 14:40:23.694 * Background saving started by pid 4613
[4613] 06 Nov 14:40:24.032 * DB saved on disk
[4613] 06 Nov 14:40:24.032 * RDB: 6 MB of memory used by copy-on-write
[2814] 06 Nov 14:40:24.095 * Background saving terminated with success
[2814 | signal handler] (1415305278) Received SIGTERM, scheduling shutdown...
[2814] 06 Nov 17:21:18.619 # User requested shutdown...
[2814] 06 Nov 17:21:18.619 * Saving the final RDB snapshot before exiting.
[2814] 06 Nov 17:21:18.989 * DB saved on disk
[2814] 06 Nov 17:21:18.989 # Redis is now ready to exit, bye bye...
[3724] 07 Nov 03:46:40.625 # Warning: no config file specified, using the default config. In order to specify a config file use redis-server /path/to/redis.conf
[3724] 07 Nov 03:46:40.626 # You requested maxclients of 10000 requiring at least 10032 max file descriptors.
[3724] 07 Nov 03:46:40.626 # Redis can't set maximum open files to 10032 because of OS error: Operation not permitted.
[3724] 07 Nov 03:46:40.626 # Current maximum open files is 1024. maxclients has been reduced to 4064 to compensate for low ulimit. If you need higher maxclients increase 'ulimit -n'.
                _._                                                  
           _.-``__ ''-._                                             
      _.-``    `.  `_.  ''-._           Redis 2.8.13 (00000000/0) 64 bit
  .-`` .-```.  ```\/    _.,_ ''-._                                   
 (    '      ,       .-`  | `,    )     Running in stand alone mode
 |`-._`-...-` __...-.``-._|'` _.-'|     Port: 6379
 |    `-._   `._    /     _.-'    |     PID: 3724
  `-._    `-._  `-./  _.-'    _.-'                                   
 |`-._`-._    `-.__.-'    _.-'_.-'|                                  
 |    `-._`-._        _.-'_.-'    |           http://redis.io        
  `-._    `-._`-.__.-'_.-'    _.-'                                   
 |`-._`-._    `-.__.-'    _.-'_.-'|                                  
 |    `-._`-._        _.-'_.-'    |                                  
  `-._    `-._`-.__.-'_.-'    _.-'                                   
      `-._    `-.__.-'    _.-'                                       
          `-._        _.-'                                           
              `-.__.-'                                               

[3724] 07 Nov 03:46:40.627 # Server started, Redis version 2.8.13
[3724] 07 Nov 03:46:40.627 # WARNING overcommit_memory is set to 0! Background save may fail under low memory condition. To fix this issue add 'vm.overcommit_memory = 1' to /etc/sysctl.conf and then reboot or run the command 'sysctl vm.overcommit_memory=1' for this to take effect.
[3724] 07 Nov 03:46:40.627 * DB loaded from disk: 0.000 seconds
[3724] 07 Nov 03:46:40.627 * The server is now ready to accept connections on port 6379
[3724] 07 Nov 10:01:15.550 * 1 changes in 3600 seconds. Saving...
[3724] 07 Nov 10:01:15.552 * Background saving started by pid 4778
[4778] 07 Nov 10:01:15.620 * DB saved on disk
[4778] 07 Nov 10:01:15.621 * RDB: 6 MB of memory used by copy-on-write
[3724] 07 Nov 10:01:15.652 * Background saving terminated with success
[3724] 07 Nov 11:13:19.985 * 1 changes in 3600 seconds. Saving...
[3724] 07 Nov 11:13:19.986 * Background saving started by pid 6653
[6653] 07 Nov 11:13:20.042 * DB saved on disk
[6653] 07 Nov 11:13:20.042 * RDB: 6 MB of memory used by copy-on-write
[3724] 07 Nov 11:13:20.086 * Background saving terminated with success
[3724] 07 Nov 14:55:51.837 * 1 changes in 3600 seconds. Saving...
[3724] 07 Nov 14:55:51.839 * Background saving started by pid 8151
[8151] 07 Nov 14:55:51.923 * DB saved on disk
[8151] 07 Nov 14:55:51.923 * RDB: 6 MB of memory used by copy-on-write
[3724] 07 Nov 14:55:51.939 * Background saving terminated with success
[2759] 09 Nov 12:30:45.537 # Warning: no config file specified, using the default config. In order to specify a config file use redis-server /path/to/redis.conf
[2759] 09 Nov 12:30:45.553 # You requested maxclients of 10000 requiring at least 10032 max file descriptors.
[2759] 09 Nov 12:30:45.553 # Redis can't set maximum open files to 10032 because of OS error: Operation not permitted.
[2759] 09 Nov 12:30:45.553 # Current maximum open files is 1024. maxclients has been reduced to 4064 to compensate for low ulimit. If you need higher maxclients increase 'ulimit -n'.
                _._                                                  
           _.-``__ ''-._                                             
      _.-``    `.  `_.  ''-._           Redis 2.8.13 (00000000/0) 64 bit
  .-`` .-```.  ```\/    _.,_ ''-._                                   
 (    '      ,       .-`  | `,    )     Running in stand alone mode
 |`-._`-...-` __...-.``-._|'` _.-'|     Port: 6379
 |    `-._   `._    /     _.-'    |     PID: 2759
  `-._    `-._  `-./  _.-'    _.-'                                   
 |`-._`-._    `-.__.-'    _.-'_.-'|                                  
 |    `-._`-._        _.-'_.-'    |           http://redis.io        
  `-._    `-._`-.__.-'_.-'    _.-'                                   
 |`-._`-._    `-.__.-'    _.-'_.-'|                                  
 |    `-._`-._        _.-'_.-'    |                                  
  `-._    `-._`-.__.-'_.-'    _.-'                                   
      `-._    `-.__.-'    _.-'                                       
          `-._        _.-'                                           
              `-.__.-'                                               

[2759] 09 Nov 12:30:45.554 # Server started, Redis version 2.8.13
[2759] 09 Nov 12:30:45.554 # WARNING overcommit_memory is set to 0! Background save may fail under low memory condition. To fix this issue add 'vm.overcommit_memory = 1' to /etc/sysctl.conf and then reboot or run the command 'sysctl vm.overcommit_memory=1' for this to take effect.
[2759] 09 Nov 12:30:45.579 * DB loaded from disk: 0.025 seconds
[2759] 09 Nov 12:30:45.579 * The server is now ready to accept connections on port 6379
